<?xml version="1.0" encoding="UTF-8"?>
<!-- Generated by org.testng.reporters.JUnitXMLReporter -->
<testsuite hostname="Ashok" ignored="0" name="Test2" tests="4" failures="0" timestamp="2023-02-04T21:36:46 IST" time="15.658" errors="0">
  <testcase name="VerifyLoginTest1" time="1.676" classname="com.vtg.auto.vtghometest.VTGHomeTest"/>
  <testcase name="VerifyLoginTest2" time="1.59" classname="com.vtg.auto.vtghometest.VTGHomeTest"/>
  <testcase name="VerifyLoginTest3" time="1.473" classname="com.vtg.auto.vtghometest.VTGHomeTest"/>
  <testcase name="VerifyLoginTest4" time="1.657" classname="com.vtg.auto.vtghometest.VTGHomeTest"/>
</testsuite> <!-- Test2 -->
