<?xml version="1.0" encoding="UTF-8"?>
<testng-results skipped="0" failed="1" ignored="0" total="8" passed="7">
  <reporter-output>
  </reporter-output>
  <suite name="Suite" duration-ms="39279" started-at="2023-02-04T21:36:06 IST" finished-at="2023-02-04T21:36:46 IST">
    <groups>
    </groups>
    <test name="Test1" duration-ms="23536" started-at="2023-02-04T21:36:06 IST" finished-at="2023-02-04T21:36:30 IST">
      <class name="com.vtg.auto.vtghometestnew.VTGHomeTest1">
        <test-method status="PASS" signature="setUpClass()[pri:0, instance:com.vtg.auto.vtghometestnew.VTGHomeTest1@6e4897]" name="setUpClass" is-config="true" duration-ms="11" started-at="2023-02-04T21:36:07 IST" finished-at="2023-02-04T21:36:07 IST">
          <reporter-output>
          </reporter-output>
        </test-method> <!-- setUpClass -->
        <test-method status="PASS" signature="beforeMethod(java.lang.reflect.Method)[pri:0, instance:com.vtg.auto.vtghometestnew.VTGHomeTest1@6e4897]" name="beforeMethod" is-config="true" duration-ms="5491" started-at="2023-02-04T21:36:07 IST" finished-at="2023-02-04T21:36:12 IST">
          <params>
            <param index="0">
              <value>
                <![CDATA[public void com.vtg.auto.vtghometestnew.VTGHomeTest1.VerifyLoginTest1() throws java.lang.Exception]]>
              </value>
            </param>
          </params>
          <reporter-output>
          </reporter-output>
        </test-method> <!-- beforeMethod -->
        <test-method status="FAIL" signature="VerifyLoginTest1()[pri:0, instance:com.vtg.auto.vtghometestnew.VTGHomeTest1@6e4897]" name="VerifyLoginTest1" duration-ms="3304" started-at="2023-02-04T21:36:12 IST" finished-at="2023-02-04T21:36:16 IST">
          <exception class="java.lang.AssertionError">
            <message>
              <![CDATA[expected [tesing] but found [Google]]]>
            </message>
            <full-stacktrace>
              <![CDATA[java.lang.AssertionError: expected [tesing] but found [Google]
at org.testng.Assert.fail(Assert.java:97)
at org.testng.Assert.assertEqualsImpl(Assert.java:136)
at org.testng.Assert.assertEquals(Assert.java:118)
at org.testng.Assert.assertEquals(Assert.java:575)
at org.testng.Assert.assertEquals(Assert.java:585)
at com.vtg.auto.vtghometestnew.VTGHomeTest1.VerifyLoginTest1(VTGHomeTest1.java:46)
at sun.reflect.NativeMethodAccessorImpl.invoke0(Native Method)
at sun.reflect.NativeMethodAccessorImpl.invoke(Unknown Source)
at sun.reflect.DelegatingMethodAccessorImpl.invoke(Unknown Source)
at java.lang.reflect.Method.invoke(Unknown Source)
at org.testng.internal.MethodInvocationHelper.invokeMethod(MethodInvocationHelper.java:134)
at org.testng.internal.TestInvoker.invokeMethod(TestInvoker.java:597)
at org.testng.internal.TestInvoker.invokeTestMethod(TestInvoker.java:173)
at org.testng.internal.MethodRunner.runInSequence(MethodRunner.java:46)
at org.testng.internal.TestInvoker$MethodInvocationAgent.invoke(TestInvoker.java:816)
at org.testng.internal.TestInvoker.invokeTestMethods(TestInvoker.java:146)
at org.testng.internal.TestMethodWorker.invokeTestMethods(TestMethodWorker.java:146)
at org.testng.internal.TestMethodWorker.run(TestMethodWorker.java:128)
at java.util.ArrayList.forEach(Unknown Source)
at org.testng.TestRunner.privateRun(TestRunner.java:766)
at org.testng.TestRunner.run(TestRunner.java:587)
at org.testng.SuiteRunner.runTest(SuiteRunner.java:384)
at org.testng.SuiteRunner.runSequentially(SuiteRunner.java:378)
at org.testng.SuiteRunner.privateRun(SuiteRunner.java:337)
at org.testng.SuiteRunner.run(SuiteRunner.java:286)
at org.testng.SuiteRunnerWorker.runSuite(SuiteRunnerWorker.java:53)
at org.testng.SuiteRunnerWorker.run(SuiteRunnerWorker.java:96)
at org.testng.TestNG.runSuitesSequentially(TestNG.java:1187)
at org.testng.TestNG.runSuitesLocally(TestNG.java:1109)
at org.testng.TestNG.runSuites(TestNG.java:1039)
at org.testng.TestNG.run(TestNG.java:1007)
at com.vtg.auto.driver.Driver.main(Driver.java:27)
]]>
            </full-stacktrace>
          </exception> <!-- java.lang.AssertionError -->
          <reporter-output>
          </reporter-output>
        </test-method> <!-- VerifyLoginTest1 -->
        <test-method status="PASS" signature="afterMethod(org.testng.ITestResult)[pri:0, instance:com.vtg.auto.vtghometestnew.VTGHomeTest1@6e4897]" name="afterMethod" is-config="true" duration-ms="1412" started-at="2023-02-04T21:36:16 IST" finished-at="2023-02-04T21:36:17 IST">
          <params>
            <param index="0">
              <value>
                <![CDATA[[TestResult name=VerifyLoginTest1 status=FAILURE method=VTGHomeTest1.VerifyLoginTest1()[pri:0, instance:com.vtg.auto.vtghometestnew.VTGHomeTest1@6e4897] output={null}]]]>
              </value>
            </param>
          </params>
          <reporter-output>
          </reporter-output>
        </test-method> <!-- afterMethod -->
        <test-method status="PASS" signature="beforeMethod(java.lang.reflect.Method)[pri:0, instance:com.vtg.auto.vtghometestnew.VTGHomeTest1@6e4897]" name="beforeMethod" is-config="true" duration-ms="1763" started-at="2023-02-04T21:36:17 IST" finished-at="2023-02-04T21:36:19 IST">
          <params>
            <param index="0">
              <value>
                <![CDATA[public void com.vtg.auto.vtghometestnew.VTGHomeTest1.VerifyLoginTest2() throws java.lang.Exception]]>
              </value>
            </param>
          </params>
          <reporter-output>
          </reporter-output>
        </test-method> <!-- beforeMethod -->
        <test-method status="PASS" signature="VerifyLoginTest2()[pri:0, instance:com.vtg.auto.vtghometestnew.VTGHomeTest1@6e4897]" name="VerifyLoginTest2" duration-ms="1948" started-at="2023-02-04T21:36:19 IST" finished-at="2023-02-04T21:36:21 IST">
          <reporter-output>
          </reporter-output>
        </test-method> <!-- VerifyLoginTest2 -->
        <test-method status="PASS" signature="afterMethod(org.testng.ITestResult)[pri:0, instance:com.vtg.auto.vtghometestnew.VTGHomeTest1@6e4897]" name="afterMethod" is-config="true" duration-ms="906" started-at="2023-02-04T21:36:21 IST" finished-at="2023-02-04T21:36:22 IST">
          <params>
            <param index="0">
              <value>
                <![CDATA[[TestResult name=VerifyLoginTest2 status=SUCCESS method=VTGHomeTest1.VerifyLoginTest2()[pri:0, instance:com.vtg.auto.vtghometestnew.VTGHomeTest1@6e4897] output={null}]]]>
              </value>
            </param>
          </params>
          <reporter-output>
          </reporter-output>
        </test-method> <!-- afterMethod -->
        <test-method status="PASS" signature="beforeMethod(java.lang.reflect.Method)[pri:0, instance:com.vtg.auto.vtghometestnew.VTGHomeTest1@6e4897]" name="beforeMethod" is-config="true" duration-ms="1435" started-at="2023-02-04T21:36:22 IST" finished-at="2023-02-04T21:36:23 IST">
          <params>
            <param index="0">
              <value>
                <![CDATA[public void com.vtg.auto.vtghometestnew.VTGHomeTest1.VerifyLoginTest3() throws java.lang.Exception]]>
              </value>
            </param>
          </params>
          <reporter-output>
          </reporter-output>
        </test-method> <!-- beforeMethod -->
        <test-method status="PASS" signature="VerifyLoginTest3()[pri:0, instance:com.vtg.auto.vtghometestnew.VTGHomeTest1@6e4897]" name="VerifyLoginTest3" duration-ms="2082" started-at="2023-02-04T21:36:23 IST" finished-at="2023-02-04T21:36:25 IST">
          <reporter-output>
          </reporter-output>
        </test-method> <!-- VerifyLoginTest3 -->
        <test-method status="PASS" signature="afterMethod(org.testng.ITestResult)[pri:0, instance:com.vtg.auto.vtghometestnew.VTGHomeTest1@6e4897]" name="afterMethod" is-config="true" duration-ms="888" started-at="2023-02-04T21:36:25 IST" finished-at="2023-02-04T21:36:26 IST">
          <params>
            <param index="0">
              <value>
                <![CDATA[[TestResult name=VerifyLoginTest3 status=SUCCESS method=VTGHomeTest1.VerifyLoginTest3()[pri:0, instance:com.vtg.auto.vtghometestnew.VTGHomeTest1@6e4897] output={null}]]]>
              </value>
            </param>
          </params>
          <reporter-output>
          </reporter-output>
        </test-method> <!-- afterMethod -->
        <test-method status="PASS" signature="beforeMethod(java.lang.reflect.Method)[pri:0, instance:com.vtg.auto.vtghometestnew.VTGHomeTest1@6e4897]" name="beforeMethod" is-config="true" duration-ms="1404" started-at="2023-02-04T21:36:26 IST" finished-at="2023-02-04T21:36:27 IST">
          <params>
            <param index="0">
              <value>
                <![CDATA[public void com.vtg.auto.vtghometestnew.VTGHomeTest1.VerifyLoginTest4() throws java.lang.Exception]]>
              </value>
            </param>
          </params>
          <reporter-output>
          </reporter-output>
        </test-method> <!-- beforeMethod -->
        <test-method status="PASS" signature="VerifyLoginTest4()[pri:0, instance:com.vtg.auto.vtghometestnew.VTGHomeTest1@6e4897]" name="VerifyLoginTest4" duration-ms="1646" started-at="2023-02-04T21:36:27 IST" finished-at="2023-02-04T21:36:29 IST">
          <reporter-output>
          </reporter-output>
        </test-method> <!-- VerifyLoginTest4 -->
        <test-method status="PASS" signature="afterMethod(org.testng.ITestResult)[pri:0, instance:com.vtg.auto.vtghometestnew.VTGHomeTest1@6e4897]" name="afterMethod" is-config="true" duration-ms="900" started-at="2023-02-04T21:36:29 IST" finished-at="2023-02-04T21:36:30 IST">
          <params>
            <param index="0">
              <value>
                <![CDATA[[TestResult name=VerifyLoginTest4 status=SUCCESS method=VTGHomeTest1.VerifyLoginTest4()[pri:0, instance:com.vtg.auto.vtghometestnew.VTGHomeTest1@6e4897] output={null}]]]>
              </value>
            </param>
          </params>
          <reporter-output>
          </reporter-output>
        </test-method> <!-- afterMethod -->
        <test-method status="PASS" signature="afterClass()[pri:0, instance:com.vtg.auto.vtghometestnew.VTGHomeTest1@6e4897]" name="afterClass" is-config="true" duration-ms="0" started-at="2023-02-04T21:36:30 IST" finished-at="2023-02-04T21:36:30 IST">
          <reporter-output>
          </reporter-output>
        </test-method> <!-- afterClass -->
      </class> <!-- com.vtg.auto.vtghometestnew.VTGHomeTest1 -->
    </test> <!-- Test1 -->
    <test name="Test2" duration-ms="15658" started-at="2023-02-04T21:36:30 IST" finished-at="2023-02-04T21:36:46 IST">
      <class name="com.vtg.auto.vtghometest.VTGHomeTest">
        <test-method status="PASS" signature="beforeSuiteSetup()[pri:0, instance:com.vtg.auto.vtghometest.VTGHomeTest@1784537]" name="beforeSuiteSetup" is-config="true" duration-ms="131" started-at="2023-02-04T21:36:06 IST" finished-at="2023-02-04T21:36:06 IST">
          <reporter-output>
          </reporter-output>
        </test-method> <!-- beforeSuiteSetup -->
        <test-method status="PASS" signature="setUpClass()[pri:0, instance:com.vtg.auto.vtghometest.VTGHomeTest@1784537]" name="setUpClass" is-config="true" duration-ms="1" started-at="2023-02-04T21:36:30 IST" finished-at="2023-02-04T21:36:30 IST">
          <reporter-output>
          </reporter-output>
        </test-method> <!-- setUpClass -->
        <test-method status="PASS" signature="beforeMethod(java.lang.reflect.Method)[pri:0, instance:com.vtg.auto.vtghometest.VTGHomeTest@1784537]" name="beforeMethod" is-config="true" duration-ms="1407" started-at="2023-02-04T21:36:30 IST" finished-at="2023-02-04T21:36:32 IST">
          <params>
            <param index="0">
              <value>
                <![CDATA[public void com.vtg.auto.vtghometest.VTGHomeTest.VerifyLoginTest1() throws java.lang.Exception]]>
              </value>
            </param>
          </params>
          <reporter-output>
          </reporter-output>
        </test-method> <!-- beforeMethod -->
        <test-method status="PASS" signature="VerifyLoginTest1()[pri:0, instance:com.vtg.auto.vtghometest.VTGHomeTest@1784537]" name="VerifyLoginTest1" duration-ms="1676" started-at="2023-02-04T21:36:32 IST" finished-at="2023-02-04T21:36:33 IST">
          <reporter-output>
          </reporter-output>
        </test-method> <!-- VerifyLoginTest1 -->
        <test-method status="PASS" signature="afterMethod(org.testng.ITestResult)[pri:0, instance:com.vtg.auto.vtghometest.VTGHomeTest@1784537]" name="afterMethod" is-config="true" duration-ms="956" started-at="2023-02-04T21:36:33 IST" finished-at="2023-02-04T21:36:34 IST">
          <params>
            <param index="0">
              <value>
                <![CDATA[[TestResult name=VerifyLoginTest1 status=SUCCESS method=VTGHomeTest.VerifyLoginTest1()[pri:0, instance:com.vtg.auto.vtghometest.VTGHomeTest@1784537] output={null}]]]>
              </value>
            </param>
          </params>
          <reporter-output>
          </reporter-output>
        </test-method> <!-- afterMethod -->
        <test-method status="PASS" signature="beforeMethod(java.lang.reflect.Method)[pri:0, instance:com.vtg.auto.vtghometest.VTGHomeTest@1784537]" name="beforeMethod" is-config="true" duration-ms="1447" started-at="2023-02-04T21:36:34 IST" finished-at="2023-02-04T21:36:36 IST">
          <params>
            <param index="0">
              <value>
                <![CDATA[public void com.vtg.auto.vtghometest.VTGHomeTest.VerifyLoginTest2() throws java.lang.Exception]]>
              </value>
            </param>
          </params>
          <reporter-output>
          </reporter-output>
        </test-method> <!-- beforeMethod -->
        <test-method status="PASS" signature="VerifyLoginTest2()[pri:0, instance:com.vtg.auto.vtghometest.VTGHomeTest@1784537]" name="VerifyLoginTest2" duration-ms="1590" started-at="2023-02-04T21:36:36 IST" finished-at="2023-02-04T21:36:37 IST">
          <reporter-output>
          </reporter-output>
        </test-method> <!-- VerifyLoginTest2 -->
        <test-method status="PASS" signature="afterMethod(org.testng.ITestResult)[pri:0, instance:com.vtg.auto.vtghometest.VTGHomeTest@1784537]" name="afterMethod" is-config="true" duration-ms="879" started-at="2023-02-04T21:36:37 IST" finished-at="2023-02-04T21:36:38 IST">
          <params>
            <param index="0">
              <value>
                <![CDATA[[TestResult name=VerifyLoginTest2 status=SUCCESS method=VTGHomeTest.VerifyLoginTest2()[pri:0, instance:com.vtg.auto.vtghometest.VTGHomeTest@1784537] output={null}]]]>
              </value>
            </param>
          </params>
          <reporter-output>
          </reporter-output>
        </test-method> <!-- afterMethod -->
        <test-method status="PASS" signature="beforeMethod(java.lang.reflect.Method)[pri:0, instance:com.vtg.auto.vtghometest.VTGHomeTest@1784537]" name="beforeMethod" is-config="true" duration-ms="1367" started-at="2023-02-04T21:36:38 IST" finished-at="2023-02-04T21:36:39 IST">
          <params>
            <param index="0">
              <value>
                <![CDATA[public void com.vtg.auto.vtghometest.VTGHomeTest.VerifyLoginTest3() throws java.lang.Exception]]>
              </value>
            </param>
          </params>
          <reporter-output>
          </reporter-output>
        </test-method> <!-- beforeMethod -->
        <test-method status="PASS" signature="VerifyLoginTest3()[pri:0, instance:com.vtg.auto.vtghometest.VTGHomeTest@1784537]" name="VerifyLoginTest3" duration-ms="1473" started-at="2023-02-04T21:36:39 IST" finished-at="2023-02-04T21:36:41 IST">
          <reporter-output>
          </reporter-output>
        </test-method> <!-- VerifyLoginTest3 -->
        <test-method status="PASS" signature="afterMethod(org.testng.ITestResult)[pri:0, instance:com.vtg.auto.vtghometest.VTGHomeTest@1784537]" name="afterMethod" is-config="true" duration-ms="908" started-at="2023-02-04T21:36:41 IST" finished-at="2023-02-04T21:36:42 IST">
          <params>
            <param index="0">
              <value>
                <![CDATA[[TestResult name=VerifyLoginTest3 status=SUCCESS method=VTGHomeTest.VerifyLoginTest3()[pri:0, instance:com.vtg.auto.vtghometest.VTGHomeTest@1784537] output={null}]]]>
              </value>
            </param>
          </params>
          <reporter-output>
          </reporter-output>
        </test-method> <!-- afterMethod -->
        <test-method status="PASS" signature="beforeMethod(java.lang.reflect.Method)[pri:0, instance:com.vtg.auto.vtghometest.VTGHomeTest@1784537]" name="beforeMethod" is-config="true" duration-ms="1425" started-at="2023-02-04T21:36:42 IST" finished-at="2023-02-04T21:36:43 IST">
          <params>
            <param index="0">
              <value>
                <![CDATA[public void com.vtg.auto.vtghometest.VTGHomeTest.VerifyLoginTest4() throws java.lang.Exception]]>
              </value>
            </param>
          </params>
          <reporter-output>
          </reporter-output>
        </test-method> <!-- beforeMethod -->
        <test-method status="PASS" signature="VerifyLoginTest4()[pri:0, instance:com.vtg.auto.vtghometest.VTGHomeTest@1784537]" name="VerifyLoginTest4" duration-ms="1657" started-at="2023-02-04T21:36:43 IST" finished-at="2023-02-04T21:36:45 IST">
          <reporter-output>
          </reporter-output>
        </test-method> <!-- VerifyLoginTest4 -->
        <test-method status="PASS" signature="afterMethod(org.testng.ITestResult)[pri:0, instance:com.vtg.auto.vtghometest.VTGHomeTest@1784537]" name="afterMethod" is-config="true" duration-ms="864" started-at="2023-02-04T21:36:45 IST" finished-at="2023-02-04T21:36:46 IST">
          <params>
            <param index="0">
              <value>
                <![CDATA[[TestResult name=VerifyLoginTest4 status=SUCCESS method=VTGHomeTest.VerifyLoginTest4()[pri:0, instance:com.vtg.auto.vtghometest.VTGHomeTest@1784537] output={null}]]]>
              </value>
            </param>
          </params>
          <reporter-output>
          </reporter-output>
        </test-method> <!-- afterMethod -->
        <test-method status="PASS" signature="afterClass()[pri:0, instance:com.vtg.auto.vtghometest.VTGHomeTest@1784537]" name="afterClass" is-config="true" duration-ms="0" started-at="2023-02-04T21:36:46 IST" finished-at="2023-02-04T21:36:46 IST">
          <reporter-output>
          </reporter-output>
        </test-method> <!-- afterClass -->
        <test-method status="PASS" signature="afterTestSuite()[pri:0, instance:com.vtg.auto.vtghometest.VTGHomeTest@1784537]" name="afterTestSuite" is-config="true" duration-ms="2875" started-at="2023-02-04T21:36:46 IST" finished-at="2023-02-04T21:36:49 IST">
          <reporter-output>
          </reporter-output>
        </test-method> <!-- afterTestSuite -->
      </class> <!-- com.vtg.auto.vtghometest.VTGHomeTest -->
    </test> <!-- Test2 -->
  </suite> <!-- Suite -->
</testng-results>
